src/pages/public/Guidelines.tsx(6,8): error TS2307: Cannot find module '@/components/ui/accordion' or its corresponding type declarations.
src/pages/public/ReportIncident.tsx(3,23): error TS2307: Cannot find module '@/components/ui/input' or its corresponding type declarations.
src/pages/public/ReportIncident.tsx(4,23): error TS2307: Cannot find module '@/components/ui/label' or its corresponding type declarations.
src/pages/public/ReportIncident.tsx(5,26): error TS2307: Cannot find module '@/components/ui/textarea' or its corresponding type declarations.
src/pages/public/ReportIncident.tsx(6,79): error TS2307: Cannot find module '@/components/ui/select' or its corresponding type declarations.
